<?xml version="1.0" encoding="UTF-8"?>
<!-- Generated by org.testng.reporters.JUnitXMLReporter -->
<testsuite ignored="0" hostname="DESKTOP-3M3F4M9" failures="0" tests="10" name="Surefire test" time="29.271" errors="0" timestamp="2024-03-21T17:15:44 IST">
  <testcase classname="api.test.DDTests" name="testPostUser" time="5.592"/>
  <testcase classname="api.test.DDTests" name="testPostUser" time="1.82"/>
  <testcase classname="api.test.DDTests" name="testPostUser" time="1.859"/>
  <testcase classname="api.test.DDTests" name="testDeleteUserByName" time="1.888"/>
  <testcase classname="api.test.DDTests" name="testDeleteUserByName" time="1.721"/>
  <testcase classname="api.test.DDTests" name="testDeleteUserByName" time="1.736"/>
  <testcase classname="api.test.UserTests" name="testPostUser" time="1.853"/>
  <testcase classname="api.test.UserTests" name="testGetUserByName" time="2.086"/>
  <testcase classname="api.test.UserTests" name="testUpdateUserByName" time="3.842"/>
  <testcase classname="api.test.UserTests" name="testDeleteUserByName" time="1.938"/>
</testsuite> <!-- Surefire test -->
