<?xml version="1.0" encoding="UTF-8"?>
<!-- Generated by org.testng.reporters.JUnitXMLReporter -->
<testsuite ignored="0" hostname="DESKTOP-3M3F4M9" failures="0" tests="6" name="Default test" time="13.629" errors="0" timestamp="2024-03-20T19:10:14 IST">
  <testcase classname="api.test.DDTests" name="testPostUser" time="4.795"/>
  <testcase classname="api.test.DDTests" name="testPostUser" time="1.162"/>
  <testcase classname="api.test.DDTests" name="testPostUser" time="1.087"/>
  <testcase classname="api.test.DDTests" name="testDeleteUserByName" time="1.122"/>
  <testcase classname="api.test.DDTests" name="testDeleteUserByName" time="1.103"/>
  <testcase classname="api.test.DDTests" name="testDeleteUserByName" time="1.15"/>
</testsuite> <!-- Default test -->
