<?xml version="1.0" encoding="UTF-8"?>
<testng-results ignored="0" total="4" passed="4" failed="0" skipped="0">
  <reporter-output>
  </reporter-output>
  <suite started-at="2024-03-22T16:37:22 IST" name="PetSuite" finished-at="2024-03-22T16:37:39 IST" duration-ms="17224">
    <groups>
    </groups>
    <test started-at="2024-03-22T16:37:22 IST" name="PetTest" finished-at="2024-03-22T16:37:39 IST" duration-ms="17224">
      <class name="api.test.UserTests2">
        <test-method is-config="true" signature="setUp()[pri:0, instance:api.test.UserTests2@56620197]" started-at="2024-03-22T16:37:25 IST" name="setUp" finished-at="2024-03-22T16:37:28 IST" duration-ms="2245" status="PASS">
          <reporter-output>
          </reporter-output>
        </test-method> <!-- setUp -->
        <test-method signature="testPostUser()[pri:1, instance:api.test.UserTests2@56620197]" started-at="2024-03-22T16:37:28 IST" name="testPostUser" finished-at="2024-03-22T16:37:33 IST" duration-ms="5097" status="PASS">
          <reporter-output>
          </reporter-output>
        </test-method> <!-- testPostUser -->
        <test-method signature="testGetUserByName()[pri:2, instance:api.test.UserTests2@56620197]" started-at="2024-03-22T16:37:33 IST" name="testGetUserByName" finished-at="2024-03-22T16:37:34 IST" duration-ms="1526" status="PASS">
          <reporter-output>
          </reporter-output>
        </test-method> <!-- testGetUserByName -->
        <test-method signature="testUpdateUserByName()[pri:3, instance:api.test.UserTests2@56620197]" started-at="2024-03-22T16:37:34 IST" name="testUpdateUserByName" finished-at="2024-03-22T16:37:38 IST" duration-ms="3336" status="PASS">
          <reporter-output>
          </reporter-output>
        </test-method> <!-- testUpdateUserByName -->
        <test-method signature="testDeleteUserByName()[pri:4, instance:api.test.UserTests2@56620197]" started-at="2024-03-22T16:37:38 IST" name="testDeleteUserByName" finished-at="2024-03-22T16:37:39 IST" duration-ms="1728" status="PASS">
          <reporter-output>
          </reporter-output>
        </test-method> <!-- testDeleteUserByName -->
      </class> <!-- api.test.UserTests2 -->
    </test> <!-- PetTest -->
  </suite> <!-- PetSuite -->
</testng-results>
