<?xml version="1.0" encoding="UTF-8"?>
<!-- Generated by org.testng.reporters.JUnitXMLReporter -->
<testsuite ignored="0" hostname="DESKTOP-3M3F4M9" failures="0" tests="4" name="PetTest" time="17.224" errors="0" timestamp="2024-03-22T16:37:40 IST">
  <testcase classname="api.test.UserTests2" name="testPostUser" time="5.097"/>
  <testcase classname="api.test.UserTests2" name="testGetUserByName" time="1.526"/>
  <testcase classname="api.test.UserTests2" name="testUpdateUserByName" time="3.336"/>
  <testcase classname="api.test.UserTests2" name="testDeleteUserByName" time="1.728"/>
</testsuite> <!-- PetTest -->
