<?xml version="1.0" encoding="UTF-8"?>
<!-- Generated by org.testng.reporters.JUnitXMLReporter -->
<testsuite ignored="0" hostname="DESKTOP-3M3F4M9" failures="0" tests="4" name="PetTest" time="13.335" errors="0" timestamp="2024-03-21T15:17:40 IST">
  <testcase classname="api.test.UserTests2" name="testPostUser" time="4.796"/>
  <testcase classname="api.test.UserTests2" name="testGetUserByName" time="1.604"/>
  <testcase classname="api.test.UserTests2" name="testUpdateUserByName" time="3.498"/>
  <testcase classname="api.test.UserTests2" name="testDeleteUserByName" time="1.661"/>
</testsuite> <!-- PetTest -->
